<?xml version="1.0" encoding="UTF-8"?>
<!-- Generated by org.testng.reporters.JUnitReportReporter -->
<testsuite hostname="DESKTOP-46A0MSC" failures="0" tests="4" name="DEC.TestNGwithAnnotation" time="67.780" errors="0" timestamp="05 Apr 2022 16:38:16 GMT" skipped="0">
  <testcase classname="DEC.TestNGwithAnnotation" name="ForWork" time="42.177"/>
  <testcase classname="DEC.TestNGwithAnnotation" name="CreateAccount" time="13.291"/>
  <testcase classname="DEC.TestNGwithAnnotation" name="MyPractice1" time="6.186"/>
  <testcase classname="DEC.TestNGwithAnnotation" name="Mypractice2" time="6.126"/>
</testsuite> <!-- DEC.TestNGwithAnnotation -->
