<?xml version="1.0" encoding="UTF-8"?>
<!-- Generated by org.testng.reporters.JUnitReportReporter -->
<testsuite hostname="DESKTOP-46A0MSC" failures="0" tests="3" name="DEC.chromerlaunchwithTestNG" time="21.744" errors="0" timestamp="04 Apr 2022 16:14:04 GMT" skipped="0">
  <testcase classname="DEC.chromerlaunchwithTestNG" name="Googlesetup" time="6.131"/>
  <testcase classname="DEC.chromerlaunchwithTestNG" name="Googlesetup" time="6.466"/>
  <testcase classname="DEC.chromerlaunchwithTestNG" name="CreateAccount" time="9.147"/>
</testsuite> <!-- DEC.chromerlaunchwithTestNG -->
