<?xml version="1.0" encoding="UTF-8"?>
<!-- Generated by org.testng.reporters.JUnitReportReporter -->
<testsuite hostname="DESKTOP-46A0MSC" failures="0" tests="1" name="DEC.ER" time="9.616" errors="0" timestamp="03 Apr 2022 07:03:42 GMT" skipped="0">
  <testcase classname="DEC.ER" name="Googlesetup" time="9.616"/>
</testsuite> <!-- DEC.ER -->
